<?xml version="1.0" encoding="UTF-8"?>
<testsuite xmlns:xsi="http://www.w3.org/2001/XMLSchema-instance" xsi:noNamespaceSchemaLocation="https://maven.apache.org/surefire/maven-surefire-plugin/xsd/surefire-test-report.xsd" version="3.0.2" name="com.get.erpintegration.ERPIntegrationApplicationTests" time="6.899" tests="1" errors="0" skipped="0" failures="0">
  <properties>
[...]
</properties>
  <testcase name="contextLoads" classname="com.get.erpintegration.ERPIntegrationApplicationTests" time="1.041">
    <system-out><![CDATA[15:16:46.206 [main] INFO org.springframework.test.context.support.AnnotationConfigContextLoaderUtils -- Could not detect default configuration classes for test class [com.get.erpintegration.ERPIntegrationApplicationTests]: ERPIntegrationApplicationTests does not declare any static, non-private, non-final, nested classes annotated with @Configuration.
15:16:46.413 [main] INFO org.springframework.boot.test.context.SpringBootTestContextBootstrapper -- Found @SpringBootConfiguration com.get.erpintegration.ERPIntegrationApplication for test class com.get.erpintegration.ERPIntegrationApplicationTests

  .   ____          _            __ _ _
 /\\ / ___'_ __ _ _(_)_ __  __ _ \ \ \ \
( ( )\___ | '_ | '_| | '_ \/ _` | \ \ \ \
 \\/  ___)| |_)| | | | | || (_| |  ) ) ) )
  '  |____| .__|_| |_|_| |_\__, | / / / /
 =========|_|==============|___/=/_/_/_/

 :: Spring Boot ::                (v3.4.1)

2025-01-08T15:16:47.236+05:30  INFO 18184 --- [myfinalysterpint] [           main] c.g.e.ERPIntegrationApplicationTests     : Starting ERPIntegrationApplicationTests using Java 17.0.8 with PID 18184 (started by Admin in C:\Srinivas_Developer\myfinalyst\apps\myfinalysterpint)
2025-01-08T15:16:47.241+05:30  INFO 18184 --- [myfinalysterpint] [           main] c.g.e.ERPIntegrationApplicationTests     : No active profile set, falling back to 1 default profile: "default"
2025-01-08T15:16:48.585+05:30  INFO 18184 --- [myfinalysterpint] [           main] .s.d.r.c.RepositoryConfigurationDelegate : Bootstrapping Spring Data MongoDB repositories in DEFAULT mode.
2025-01-08T15:16:48.740+05:30  INFO 18184 --- [myfinalysterpint] [           main] .s.d.r.c.RepositoryConfigurationDelegate : Finished Spring Data repository scanning in 111 ms. Found 2 MongoDB repository interfaces.
2025-01-08T15:16:49.647+05:30  INFO 18184 --- [myfinalysterpint] [           main] o.a.c.impl.engine.AbstractCamelContext   : Apache Camel 3.21.0 (camel-1) is starting
2025-01-08T15:16:49.656+05:30  INFO 18184 --- [myfinalysterpint] [           main] o.a.c.impl.engine.AbstractCamelContext   : Routes startup (started:0)
2025-01-08T15:16:49.657+05:30  INFO 18184 --- [myfinalysterpint] [           main] o.a.c.impl.engine.AbstractCamelContext   : Apache Camel 3.21.0 (camel-1) started in 173ms (build:82ms init:83ms start:8ms)
Camel context started...
2025-01-08T15:16:50.065+05:30  INFO 18184 --- [myfinalysterpint] [           main] org.mongodb.driver.client                : MongoClient with metadata {"driver": {"name": "mongo-java-driver|sync|spring-boot", "version": "5.2.1"}, "os": {"type": "Windows", "name": "Windows 11", "architecture": "amd64", "version": "10.0"}, "platform": "Java/Microsoft/17.0.8+7-LTS"} created with settings MongoClientSettings{readPreference=primary, writeConcern=WriteConcern{w=null, wTimeout=null ms, journal=null}, retryWrites=true, retryReads=true, readConcern=ReadConcern{level=null}, credential=null, transportSettings=null, commandListeners=[], codecRegistry=ProvidersCodecRegistry{codecProviders=[ValueCodecProvider{}, BsonValueCodecProvider{}, DBRefCodecProvider{}, DBObjectCodecProvider{}, DocumentCodecProvider{}, CollectionCodecProvider{}, IterableCodecProvider{}, MapCodecProvider{}, GeoJsonCodecProvider{}, GridFSFileCodecProvider{}, Jsr310CodecProvider{}, JsonObjectCodecProvider{}, BsonCodecProvider{}, EnumCodecProvider{}, com.mongodb.client.model.mql.ExpressionCodecProvider@217dc48e, com.mongodb.Jep395RecordCodecProvider@5db948c9, com.mongodb.KotlinCodecProvider@296edc75]}, loggerSettings=LoggerSettings{maxDocumentLength=1000}, clusterSettings={hosts=[localhost:27017], srvServiceName=mongodb, mode=SINGLE, requiredClusterType=UNKNOWN, requiredReplicaSetName='null', serverSelector='null', clusterListeners='[]', serverSelectionTimeout='30000 ms', localThreshold='15 ms'}, socketSettings=SocketSettings{connectTimeoutMS=10000, readTimeoutMS=0, receiveBufferSize=0, proxySettings=ProxySettings{host=null, port=null, username=null, password=null}}, heartbeatSocketSettings=SocketSettings{connectTimeoutMS=10000, readTimeoutMS=10000, receiveBufferSize=0, proxySettings=ProxySettings{host=null, port=null, username=null, password=null}}, connectionPoolSettings=ConnectionPoolSettings{maxSize=100, minSize=0, maxWaitTimeMS=120000, maxConnectionLifeTimeMS=0, maxConnectionIdleTimeMS=0, maintenanceInitialDelayMS=0, maintenanceFrequencyMS=60000, connectionPoolListeners=[], maxConnecting=2}, serverSettings=ServerSettings{heartbeatFrequencyMS=10000, minHeartbeatFrequencyMS=500, serverMonitoringMode=AUTO, serverListeners='[]', serverMonitorListeners='[]'}, sslSettings=SslSettings{enabled=false, invalidHostNameAllowed=false, context=null}, applicationName='null', compressorList=[], uuidRepresentation=JAVA_LEGACY, serverApi=null, autoEncryptionSettings=null, dnsClient=null, inetAddressResolver=null, contextProvider=null, timeoutMS=null}
2025-01-08T15:16:50.105+05:30  INFO 18184 --- [myfinalysterpint] [localhost:27017] org.mongodb.driver.cluster               : Monitor thread successfully connected to server with description ServerDescription{address=localhost:27017, type=STANDALONE, cryptd=false, state=CONNECTED, ok=true, minWireVersion=0, maxWireVersion=25, maxDocumentSize=16777216, logicalSessionTimeoutMinutes=30, roundTripTimeNanos=38367800, minRoundTripTimeNanos=0}
Camel Context Initialized: CamelContext(camel-1)
2025-01-08T15:16:51.762+05:30  INFO 18184 --- [myfinalysterpint] [           main] c.g.e.ERPIntegrationApplicationTests     : Started ERPIntegrationApplicationTests in 5.052 seconds (process running for 6.776)
2025-01-08T15:16:52.024+05:30  INFO 18184 --- [myfinalysterpint] [- timer://tally] TallyCompaniesRoute                      : Timer triggered...
2025-01-08T15:16:52.147+05:30  INFO 18184 --- [myfinalysterpint] [- timer://tally] TallyCompaniesRoute                      : Error occurred while fetching companies from Tally: Connect to localhost:9000 [localhost/127.0.0.1, localhost/0:0:0:0:0:0:0:1] failed: Connection refused: connect
2025-01-08T15:16:52.149+05:30  INFO 18184 --- [myfinalysterpint] [- timer://tally] TallyLedgersRoute                        : Timer triggered...
2025-01-08T15:16:52.152+05:30  INFO 18184 --- [myfinalysterpint] [- timer://tally] TallyLedgersRoute                        : Error occurred while fetching ledgers from Tally: Connect to localhost:9000 [localhost/127.0.0.1, localhost/0:0:0:0:0:0:0:1] failed: Connection refused: connect
]]></system-out>
  </testcase>
</testsuite>